\BOOKMARK [0][]{chapter*.1}{\376\377\000P\000r\000e\000f\000a\000c\000e}{}% 1
\BOOKMARK [0][]{chapter.1}{\376\377\0001\000\040\000I\000n\000t\000r\000o\000d\000u\000c\000t\000i\000o\000n}{}% 2
\BOOKMARK [1][]{section.1.1}{\376\377\0001\000.\0001\000\040\000E\000x\000e\000c\000u\000t\000i\000v\000e\000\040\000S\000u\000m\000m\000a\000r\000y}{chapter.1}% 3
\BOOKMARK [2][]{subsection.1.1.1}{\376\377\0001\000.\0001\000.\0001\000\040\000V\000i\000s\000i\000o\000n\000\040\000a\000n\000d\000\040\000M\000i\000s\000s\000i\000o\000n}{section.1.1}% 4
\BOOKMARK [2][]{subsection.1.1.2}{\376\377\0001\000.\0001\000.\0002\000\040\000K\000e\000y\000\040\000F\000e\000a\000t\000u\000r\000e\000s}{section.1.1}% 5
\BOOKMARK [1][]{section.1.2}{\376\377\0001\000.\0002\000\040\000S\000y\000s\000t\000e\000m\000\040\000O\000v\000e\000r\000v\000i\000e\000w}{chapter.1}% 6
\BOOKMARK [2][]{subsection.1.2.1}{\376\377\0001\000.\0002\000.\0001\000\040\000B\000u\000s\000i\000n\000e\000s\000s\000\040\000V\000a\000l\000u\000e\000\040\000P\000r\000o\000p\000o\000s\000i\000t\000i\000o\000n}{section.1.2}% 7
\BOOKMARK [2][]{subsection.1.2.2}{\376\377\0001\000.\0002\000.\0002\000\040\000B\000u\000s\000i\000n\000e\000s\000s\000\040\000M\000o\000d\000u\000l\000e\000s}{section.1.2}% 8
\BOOKMARK [2][]{subsection.1.2.3}{\376\377\0001\000.\0002\000.\0003\000\040\000M\000o\000d\000u\000l\000e\000\040\000I\000n\000t\000e\000r\000c\000o\000n\000n\000e\000c\000t\000i\000o\000n\000s}{section.1.2}% 9
\BOOKMARK [1][]{section.1.3}{\376\377\0001\000.\0003\000\040\000T\000e\000c\000h\000n\000o\000l\000o\000g\000y\000\040\000S\000t\000a\000c\000k}{chapter.1}% 10
\BOOKMARK [2][]{subsection.1.3.1}{\376\377\0001\000.\0003\000.\0001\000\040\000B\000a\000c\000k\000e\000n\000d\000\040\000T\000e\000c\000h\000n\000o\000l\000o\000g\000i\000e\000s}{section.1.3}% 11
\BOOKMARK [2][]{subsection.1.3.2}{\376\377\0001\000.\0003\000.\0002\000\040\000F\000r\000o\000n\000t\000e\000n\000d\000\040\000T\000e\000c\000h\000n\000o\000l\000o\000g\000i\000e\000s}{section.1.3}% 12
\BOOKMARK [2][]{subsection.1.3.3}{\376\377\0001\000.\0003\000.\0003\000\040\000D\000e\000v\000O\000p\000s\000\040\000\046\000\040\000I\000n\000f\000r\000a\000s\000t\000r\000u\000c\000t\000u\000r\000e}{section.1.3}% 13
\BOOKMARK [1][]{section.1.4}{\376\377\0001\000.\0004\000\040\000S\000y\000s\000t\000e\000m\000\040\000C\000a\000p\000a\000b\000i\000l\000i\000t\000i\000e\000s}{chapter.1}% 14
\BOOKMARK [2][]{subsection.1.4.1}{\376\377\0001\000.\0004\000.\0001\000\040\000A\000P\000I\000\040\000E\000n\000d\000p\000o\000i\000n\000t\000s\000\040\000D\000i\000s\000t\000r\000i\000b\000u\000t\000i\000o\000n}{section.1.4}% 15
\BOOKMARK [2][]{subsection.1.4.2}{\376\377\0001\000.\0004\000.\0002\000\040\000D\000a\000t\000a\000b\000a\000s\000e\000\040\000S\000c\000h\000e\000m\000a\000\040\000C\000o\000m\000p\000l\000e\000x\000i\000t\000y}{section.1.4}% 16
\BOOKMARK [2][]{subsection.1.4.3}{\376\377\0001\000.\0004\000.\0003\000\040\000U\000s\000e\000r\000\040\000I\000n\000t\000e\000r\000f\000a\000c\000e\000\040\000C\000o\000m\000p\000o\000n\000e\000n\000t\000s}{section.1.4}% 17
\BOOKMARK [1][]{section.1.5}{\376\377\0001\000.\0005\000\040\000P\000r\000o\000j\000e\000c\000t\000\040\000D\000e\000v\000e\000l\000o\000p\000m\000e\000n\000t\000\040\000J\000o\000u\000r\000n\000e\000y}{chapter.1}% 18
\BOOKMARK [2][]{subsection.1.5.1}{\376\377\0001\000.\0005\000.\0001\000\040\000D\000e\000v\000e\000l\000o\000p\000m\000e\000n\000t\000\040\000T\000i\000m\000e\000l\000i\000n\000e}{section.1.5}% 19
\BOOKMARK [2][]{subsection.1.5.2}{\376\377\0001\000.\0005\000.\0002\000\040\000C\000u\000r\000r\000e\000n\000t\000\040\000P\000r\000o\000j\000e\000c\000t\000\040\000S\000t\000a\000t\000u\000s}{section.1.5}% 20
\BOOKMARK [2][]{subsection.1.5.3}{\376\377\0001\000.\0005\000.\0003\000\040\000D\000e\000v\000e\000l\000o\000p\000m\000e\000n\000t\000\040\000M\000e\000t\000h\000o\000d\000o\000l\000o\000g\000y}{section.1.5}% 21
\BOOKMARK [1][]{section.1.6}{\376\377\0001\000.\0006\000\040\000K\000e\000y\000\040\000A\000c\000h\000i\000e\000v\000e\000m\000e\000n\000t\000s}{chapter.1}% 22
\BOOKMARK [2][]{subsection.1.6.1}{\376\377\0001\000.\0006\000.\0001\000\040\000S\000e\000c\000u\000r\000i\000t\000y\000\040\000I\000m\000p\000l\000e\000m\000e\000n\000t\000a\000t\000i\000o\000n\000\040\000H\000i\000g\000h\000l\000i\000g\000h\000t\000s}{section.1.6}% 23
\BOOKMARK [2][]{subsection.1.6.2}{\376\377\0001\000.\0006\000.\0002\000\040\000P\000e\000r\000f\000o\000r\000m\000a\000n\000c\000e\000\040\000O\000p\000t\000i\000m\000i\000z\000a\000t\000i\000o\000n\000\040\000H\000i\000g\000h\000l\000i\000g\000h\000t\000s}{section.1.6}% 24
\BOOKMARK [2][]{subsection.1.6.3}{\376\377\0001\000.\0006\000.\0003\000\040\000E\000x\000p\000e\000c\000t\000e\000d\000\040\000P\000e\000r\000f\000o\000r\000m\000a\000n\000c\000e\000\040\000M\000e\000t\000r\000i\000c\000s}{section.1.6}% 25
\BOOKMARK [1][]{section.1.7}{\376\377\0001\000.\0007\000\040\000S\000y\000s\000t\000e\000m\000\040\000R\000e\000q\000u\000i\000r\000e\000m\000e\000n\000t\000s}{chapter.1}% 26
\BOOKMARK [2][]{subsection.1.7.1}{\376\377\0001\000.\0007\000.\0001\000\040\000H\000a\000r\000d\000w\000a\000r\000e\000\040\000R\000e\000q\000u\000i\000r\000e\000m\000e\000n\000t\000s}{section.1.7}% 27
\BOOKMARK [2][]{subsection.1.7.2}{\376\377\0001\000.\0007\000.\0002\000\040\000S\000o\000f\000t\000w\000a\000r\000e\000\040\000R\000e\000q\000u\000i\000r\000e\000m\000e\000n\000t\000s}{section.1.7}% 28
\BOOKMARK [2][]{subsection.1.7.3}{\376\377\0001\000.\0007\000.\0003\000\040\000B\000r\000o\000w\000s\000e\000r\000\040\000C\000o\000m\000p\000a\000t\000i\000b\000i\000l\000i\000t\000y}{section.1.7}% 29
\BOOKMARK [1][]{section.1.8}{\376\377\0001\000.\0008\000\040\000G\000e\000t\000t\000i\000n\000g\000\040\000H\000e\000l\000p\000\040\000a\000n\000d\000\040\000S\000u\000p\000p\000o\000r\000t}{chapter.1}% 30
\BOOKMARK [2][]{subsection.1.8.1}{\376\377\0001\000.\0008\000.\0001\000\040\000S\000u\000p\000p\000o\000r\000t\000\040\000C\000h\000a\000n\000n\000e\000l\000s}{section.1.8}% 31
\BOOKMARK [2][]{subsection.1.8.2}{\376\377\0001\000.\0008\000.\0002\000\040\000R\000e\000s\000p\000o\000n\000s\000e\000\040\000T\000i\000m\000e\000s}{section.1.8}% 32
\BOOKMARK [2][]{subsection.1.8.3}{\376\377\0001\000.\0008\000.\0003\000\040\000C\000o\000m\000m\000u\000n\000i\000t\000y\000\040\000R\000e\000s\000o\000u\000r\000c\000e\000s}{section.1.8}% 33
\BOOKMARK [1][]{section.1.9}{\376\377\0001\000.\0009\000\040\000L\000i\000c\000e\000n\000s\000e\000\040\000a\000n\000d\000\040\000L\000e\000g\000a\000l}{chapter.1}% 34
\BOOKMARK [2][]{subsection.1.9.1}{\376\377\0001\000.\0009\000.\0001\000\040\000C\000o\000p\000y\000r\000i\000g\000h\000t\000\040\000N\000o\000t\000i\000c\000e}{section.1.9}% 35
\BOOKMARK [2][]{subsection.1.9.2}{\376\377\0001\000.\0009\000.\0002\000\040\000S\000o\000f\000t\000w\000a\000r\000e\000\040\000L\000i\000c\000e\000n\000s\000e}{section.1.9}% 36
\BOOKMARK [2][]{subsection.1.9.3}{\376\377\0001\000.\0009\000.\0003\000\040\000T\000h\000i\000r\000d\000-\000P\000a\000r\000t\000y\000\040\000L\000i\000c\000e\000n\000s\000e\000s}{section.1.9}% 37
\BOOKMARK [1][]{section.1.10}{\376\377\0001\000.\0001\0000\000\040\000A\000c\000k\000n\000o\000w\000l\000e\000d\000g\000m\000e\000n\000t\000s}{chapter.1}% 38
\BOOKMARK [1][]{section.1.11}{\376\377\0001\000.\0001\0001\000\040\000N\000e\000x\000t\000\040\000S\000t\000e\000p\000s}{chapter.1}% 39
\BOOKMARK [2][]{subsection.1.11.1}{\376\377\0001\000.\0001\0001\000.\0001\000\040\000F\000o\000r\000\040\000N\000e\000w\000\040\000U\000s\000e\000r\000s}{section.1.11}% 40
\BOOKMARK [2][]{subsection.1.11.2}{\376\377\0001\000.\0001\0001\000.\0002\000\040\000F\000o\000r\000\040\000D\000e\000v\000e\000l\000o\000p\000e\000r\000s}{section.1.11}% 41
\BOOKMARK [2][]{subsection.1.11.3}{\376\377\0001\000.\0001\0001\000.\0003\000\040\000F\000o\000r\000\040\000S\000y\000s\000t\000e\000m\000\040\000A\000d\000m\000i\000n\000i\000s\000t\000r\000a\000t\000o\000r\000s}{section.1.11}% 42
\BOOKMARK [0][]{chapter.2}{\376\377\0002\000\040\000S\000y\000s\000t\000e\000m\000\040\000A\000r\000c\000h\000i\000t\000e\000c\000t\000u\000r\000e}{}% 43
\BOOKMARK [1][]{section.2.1}{\376\377\0002\000.\0001\000\040\000O\000v\000e\000r\000v\000i\000e\000w}{chapter.2}% 44
\BOOKMARK [2][]{subsection.2.1.1}{\376\377\0002\000.\0001\000.\0001\000\040\000A\000r\000c\000h\000i\000t\000e\000c\000t\000u\000r\000a\000l\000\040\000P\000r\000i\000n\000c\000i\000p\000l\000e\000s}{section.2.1}% 45
\BOOKMARK [1][]{section.2.2}{\376\377\0002\000.\0002\000\040\000H\000i\000g\000h\000-\000L\000e\000v\000e\000l\000\040\000A\000r\000c\000h\000i\000t\000e\000c\000t\000u\000r\000e}{chapter.2}% 46
\BOOKMARK [2][]{subsection.2.2.1}{\376\377\0002\000.\0002\000.\0001\000\040\000T\000h\000r\000e\000e\000-\000T\000i\000e\000r\000\040\000A\000r\000c\000h\000i\000t\000e\000c\000t\000u\000r\000e\000\040\000D\000i\000a\000g\000r\000a\000m}{section.2.2}% 47
\BOOKMARK [2][]{subsection.2.2.2}{\376\377\0002\000.\0002\000.\0002\000\040\000R\000e\000q\000u\000e\000s\000t\000\040\000F\000l\000o\000w}{section.2.2}% 48
\BOOKMARK [1][]{section.2.3}{\376\377\0002\000.\0003\000\040\000B\000a\000c\000k\000e\000n\000d\000\040\000A\000r\000c\000h\000i\000t\000e\000c\000t\000u\000r\000e}{chapter.2}% 49
\BOOKMARK [2][]{subsection.2.3.1}{\376\377\0002\000.\0003\000.\0001\000\040\000D\000j\000a\000n\000g\000o\000\040\000P\000r\000o\000j\000e\000c\000t\000\040\000S\000t\000r\000u\000c\000t\000u\000r\000e}{section.2.3}% 50
\BOOKMARK [2][]{subsection.2.3.2}{\376\377\0002\000.\0003\000.\0002\000\040\000M\000o\000d\000u\000l\000e\000\040\000S\000t\000r\000u\000c\000t\000u\000r\000e\000\040\000P\000a\000t\000t\000e\000r\000n}{section.2.3}% 51
\BOOKMARK [2][]{subsection.2.3.3}{\376\377\0002\000.\0003\000.\0003\000\040\000C\000o\000r\000e\000\040\000M\000o\000d\000e\000l\000s}{section.2.3}% 52
\BOOKMARK [2][]{subsection.2.3.4}{\376\377\0002\000.\0003\000.\0004\000\040\000A\000P\000I\000\040\000A\000r\000c\000h\000i\000t\000e\000c\000t\000u\000r\000e}{section.2.3}% 53
\BOOKMARK [2][]{subsection.2.3.5}{\376\377\0002\000.\0003\000.\0005\000\040\000D\000a\000t\000a\000b\000a\000s\000e\000\040\000D\000e\000s\000i\000g\000n}{section.2.3}% 54
\BOOKMARK [1][]{section.2.4}{\376\377\0002\000.\0004\000\040\000F\000r\000o\000n\000t\000e\000n\000d\000\040\000A\000r\000c\000h\000i\000t\000e\000c\000t\000u\000r\000e}{chapter.2}% 55
\BOOKMARK [2][]{subsection.2.4.1}{\376\377\0002\000.\0004\000.\0001\000\040\000R\000e\000a\000c\000t\000\040\000A\000p\000p\000l\000i\000c\000a\000t\000i\000o\000n\000\040\000S\000t\000r\000u\000c\000t\000u\000r\000e}{section.2.4}% 56
\BOOKMARK [2][]{subsection.2.4.2}{\376\377\0002\000.\0004\000.\0002\000\040\000C\000o\000m\000p\000o\000n\000e\000n\000t\000\040\000H\000i\000e\000r\000a\000r\000c\000h\000y}{section.2.4}% 57
\BOOKMARK [2][]{subsection.2.4.3}{\376\377\0002\000.\0004\000.\0003\000\040\000S\000t\000a\000t\000e\000\040\000M\000a\000n\000a\000g\000e\000m\000e\000n\000t}{section.2.4}% 58
\BOOKMARK [2][]{subsection.2.4.4}{\376\377\0002\000.\0004\000.\0004\000\040\000R\000o\000u\000t\000i\000n\000g\000\040\000A\000r\000c\000h\000i\000t\000e\000c\000t\000u\000r\000e}{section.2.4}% 59
\BOOKMARK [1][]{section.2.5}{\376\377\0002\000.\0005\000\040\000S\000e\000c\000u\000r\000i\000t\000y\000\040\000A\000r\000c\000h\000i\000t\000e\000c\000t\000u\000r\000e}{chapter.2}% 60
\BOOKMARK [2][]{subsection.2.5.1}{\376\377\0002\000.\0005\000.\0001\000\040\000S\000e\000c\000u\000r\000i\000t\000y\000\040\000L\000a\000y\000e\000r\000s}{section.2.5}% 61
\BOOKMARK [2][]{subsection.2.5.2}{\376\377\0002\000.\0005\000.\0002\000\040\000A\000u\000t\000h\000e\000n\000t\000i\000c\000a\000t\000i\000o\000n\000\040\000F\000l\000o\000w}{section.2.5}% 62
\BOOKMARK [2][]{subsection.2.5.3}{\376\377\0002\000.\0005\000.\0003\000\040\000A\000u\000t\000h\000o\000r\000i\000z\000a\000t\000i\000o\000n\000\040\000M\000o\000d\000e\000l}{section.2.5}% 63
\BOOKMARK [1][]{section.2.6}{\376\377\0002\000.\0006\000\040\000C\000a\000c\000h\000i\000n\000g\000\040\000A\000r\000c\000h\000i\000t\000e\000c\000t\000u\000r\000e}{chapter.2}% 64
\BOOKMARK [2][]{subsection.2.6.1}{\376\377\0002\000.\0006\000.\0001\000\040\000C\000a\000c\000h\000e\000\040\000L\000a\000y\000e\000r\000s}{section.2.6}% 65
\BOOKMARK [2][]{subsection.2.6.2}{\376\377\0002\000.\0006\000.\0002\000\040\000C\000a\000c\000h\000e\000\040\000I\000n\000v\000a\000l\000i\000d\000a\000t\000i\000o\000n\000\040\000S\000t\000r\000a\000t\000e\000g\000y}{section.2.6}% 66
\BOOKMARK [1][]{section.2.7}{\376\377\0002\000.\0007\000\040\000S\000c\000a\000l\000a\000b\000i\000l\000i\000t\000y\000\040\000a\000n\000d\000\040\000P\000e\000r\000f\000o\000r\000m\000a\000n\000c\000e}{chapter.2}% 67
\BOOKMARK [2][]{subsection.2.7.1}{\376\377\0002\000.\0007\000.\0001\000\040\000H\000o\000r\000i\000z\000o\000n\000t\000a\000l\000\040\000S\000c\000a\000l\000i\000n\000g}{section.2.7}% 68
\BOOKMARK [2][]{subsection.2.7.2}{\376\377\0002\000.\0007\000.\0002\000\040\000V\000e\000r\000t\000i\000c\000a\000l\000\040\000S\000c\000a\000l\000i\000n\000g}{section.2.7}% 69
\BOOKMARK [2][]{subsection.2.7.3}{\376\377\0002\000.\0007\000.\0003\000\040\000P\000e\000r\000f\000o\000r\000m\000a\000n\000c\000e\000\040\000M\000e\000t\000r\000i\000c\000s}{section.2.7}% 70
\BOOKMARK [1][]{section.2.8}{\376\377\0002\000.\0008\000\040\000M\000o\000n\000i\000t\000o\000r\000i\000n\000g\000\040\000a\000n\000d\000\040\000O\000b\000s\000e\000r\000v\000a\000b\000i\000l\000i\000t\000y}{chapter.2}% 71
\BOOKMARK [2][]{subsection.2.8.1}{\376\377\0002\000.\0008\000.\0001\000\040\000L\000o\000g\000g\000i\000n\000g\000\040\000S\000t\000r\000a\000t\000e\000g\000y}{section.2.8}% 72
\BOOKMARK [2][]{subsection.2.8.2}{\376\377\0002\000.\0008\000.\0002\000\040\000M\000o\000n\000i\000t\000o\000r\000i\000n\000g\000\040\000T\000o\000o\000l\000s}{section.2.8}% 73
\BOOKMARK [1][]{section.2.9}{\376\377\0002\000.\0009\000\040\000D\000e\000p\000l\000o\000y\000m\000e\000n\000t\000\040\000A\000r\000c\000h\000i\000t\000e\000c\000t\000u\000r\000e}{chapter.2}% 74
\BOOKMARK [2][]{subsection.2.9.1}{\376\377\0002\000.\0009\000.\0001\000\040\000C\000o\000n\000t\000a\000i\000n\000e\000r\000i\000z\000a\000t\000i\000o\000n}{section.2.9}% 75
\BOOKMARK [2][]{subsection.2.9.2}{\376\377\0002\000.\0009\000.\0002\000\040\000P\000r\000o\000d\000u\000c\000t\000i\000o\000n\000\040\000D\000e\000p\000l\000o\000y\000m\000e\000n\000t\000\040\000D\000i\000a\000g\000r\000a\000m}{section.2.9}% 76
\BOOKMARK [1][]{section.2.10}{\376\377\0002\000.\0001\0000\000\040\000T\000e\000c\000h\000n\000o\000l\000o\000g\000y\000\040\000D\000e\000c\000i\000s\000i\000o\000n\000\040\000R\000a\000t\000i\000o\000n\000a\000l\000e}{chapter.2}% 77
\BOOKMARK [2][]{subsection.2.10.1}{\376\377\0002\000.\0001\0000\000.\0001\000\040\000W\000h\000y\000\040\000D\000j\000a\000n\000g\000o\000?}{section.2.10}% 78
\BOOKMARK [2][]{subsection.2.10.2}{\376\377\0002\000.\0001\0000\000.\0002\000\040\000W\000h\000y\000\040\000R\000e\000a\000c\000t\000\040\000w\000i\000t\000h\000\040\000T\000y\000p\000e\000S\000c\000r\000i\000p\000t\000?}{section.2.10}% 79
\BOOKMARK [2][]{subsection.2.10.3}{\376\377\0002\000.\0001\0000\000.\0003\000\040\000W\000h\000y\000\040\000P\000o\000s\000t\000g\000r\000e\000S\000Q\000L\000?}{section.2.10}% 80
\BOOKMARK [2][]{subsection.2.10.4}{\376\377\0002\000.\0001\0000\000.\0004\000\040\000W\000h\000y\000\040\000R\000e\000d\000i\000s\000?}{section.2.10}% 81
\BOOKMARK [1][]{section.2.11}{\376\377\0002\000.\0001\0001\000\040\000S\000u\000m\000m\000a\000r\000y}{chapter.2}% 82
\BOOKMARK [0][]{chapter.3}{\376\377\0003\000\040\000I\000n\000s\000t\000a\000l\000l\000a\000t\000i\000o\000n\000\040\000a\000n\000d\000\040\000C\000o\000n\000f\000i\000g\000u\000r\000a\000t\000i\000o\000n}{}% 83
\BOOKMARK [1][]{section.3.1}{\376\377\0003\000.\0001\000\040\000O\000v\000e\000r\000v\000i\000e\000w}{chapter.3}% 84
\BOOKMARK [2][]{subsection.3.1.1}{\376\377\0003\000.\0001\000.\0001\000\040\000I\000n\000s\000t\000a\000l\000l\000a\000t\000i\000o\000n\000\040\000M\000e\000t\000h\000o\000d\000s}{section.3.1}% 85
\BOOKMARK [1][]{section.3.2}{\376\377\0003\000.\0002\000\040\000S\000y\000s\000t\000e\000m\000\040\000R\000e\000q\000u\000i\000r\000e\000m\000e\000n\000t\000s}{chapter.3}% 86
\BOOKMARK [2][]{subsection.3.2.1}{\376\377\0003\000.\0002\000.\0001\000\040\000H\000a\000r\000d\000w\000a\000r\000e\000\040\000R\000e\000q\000u\000i\000r\000e\000m\000e\000n\000t\000s}{section.3.2}% 87
\BOOKMARK [2][]{subsection.3.2.2}{\376\377\0003\000.\0002\000.\0002\000\040\000S\000o\000f\000t\000w\000a\000r\000e\000\040\000R\000e\000q\000u\000i\000r\000e\000m\000e\000n\000t\000s}{section.3.2}% 88
\BOOKMARK [1][]{section.3.3}{\376\377\0003\000.\0003\000\040\000D\000e\000v\000e\000l\000o\000p\000m\000e\000n\000t\000\040\000E\000n\000v\000i\000r\000o\000n\000m\000e\000n\000t\000\040\000S\000e\000t\000u\000p}{chapter.3}% 89
\BOOKMARK [2][]{subsection.3.3.1}{\376\377\0003\000.\0003\000.\0001\000\040\000P\000r\000e\000r\000e\000q\000u\000i\000s\000i\000t\000e\000s\000\040\000I\000n\000s\000t\000a\000l\000l\000a\000t\000i\000o\000n}{section.3.3}% 90
\BOOKMARK [2][]{subsection.3.3.2}{\376\377\0003\000.\0003\000.\0002\000\040\000D\000a\000t\000a\000b\000a\000s\000e\000\040\000S\000e\000t\000u\000p}{section.3.3}% 91
\BOOKMARK [2][]{subsection.3.3.3}{\376\377\0003\000.\0003\000.\0003\000\040\000B\000a\000c\000k\000e\000n\000d\000\040\000S\000e\000t\000u\000p}{section.3.3}% 92
\BOOKMARK [2][]{subsection.3.3.4}{\376\377\0003\000.\0003\000.\0004\000\040\000F\000r\000o\000n\000t\000e\000n\000d\000\040\000S\000e\000t\000u\000p}{section.3.3}% 93
\BOOKMARK [2][]{subsection.3.3.5}{\376\377\0003\000.\0003\000.\0005\000\040\000V\000e\000r\000i\000f\000i\000c\000a\000t\000i\000o\000n}{section.3.3}% 94
\BOOKMARK [1][]{section.3.4}{\376\377\0003\000.\0004\000\040\000D\000o\000c\000k\000e\000r\000\040\000S\000e\000t\000u\000p}{chapter.3}% 95
\BOOKMARK [2][]{subsection.3.4.1}{\376\377\0003\000.\0004\000.\0001\000\040\000D\000o\000c\000k\000e\000r\000\040\000I\000n\000s\000t\000a\000l\000l\000a\000t\000i\000o\000n}{section.3.4}% 96
\BOOKMARK [2][]{subsection.3.4.2}{\376\377\0003\000.\0004\000.\0002\000\040\000D\000o\000c\000k\000e\000r\000\040\000C\000o\000m\000p\000o\000s\000e\000\040\000C\000o\000n\000f\000i\000g\000u\000r\000a\000t\000i\000o\000n}{section.3.4}% 97
\BOOKMARK [2][]{subsection.3.4.3}{\376\377\0003\000.\0004\000.\0003\000\040\000R\000u\000n\000n\000i\000n\000g\000\040\000w\000i\000t\000h\000\040\000D\000o\000c\000k\000e\000r}{section.3.4}% 98
\BOOKMARK [1][]{section.3.5}{\376\377\0003\000.\0005\000\040\000P\000r\000o\000d\000u\000c\000t\000i\000o\000n\000\040\000D\000e\000p\000l\000o\000y\000m\000e\000n\000t}{chapter.3}% 99
\BOOKMARK [2][]{subsection.3.5.1}{\376\377\0003\000.\0005\000.\0001\000\040\000P\000r\000o\000d\000u\000c\000t\000i\000o\000n\000\040\000E\000n\000v\000i\000r\000o\000n\000m\000e\000n\000t\000\040\000V\000a\000r\000i\000a\000b\000l\000e\000s}{section.3.5}% 100
\BOOKMARK [2][]{subsection.3.5.2}{\376\377\0003\000.\0005\000.\0002\000\040\000P\000r\000o\000d\000u\000c\000t\000i\000o\000n\000\040\000D\000a\000t\000a\000b\000a\000s\000e\000\040\000S\000e\000t\000u\000p}{section.3.5}% 101
\BOOKMARK [2][]{subsection.3.5.3}{\376\377\0003\000.\0005\000.\0003\000\040\000W\000e\000b\000\040\000S\000e\000r\000v\000e\000r\000\040\000C\000o\000n\000f\000i\000g\000u\000r\000a\000t\000i\000o\000n}{section.3.5}% 102
\BOOKMARK [2][]{subsection.3.5.4}{\376\377\0003\000.\0005\000.\0004\000\040\000S\000S\000L\000\040\000C\000e\000r\000t\000i\000f\000i\000c\000a\000t\000e}{section.3.5}% 103
\BOOKMARK [2][]{subsection.3.5.5}{\376\377\0003\000.\0005\000.\0005\000\040\000A\000p\000p\000l\000i\000c\000a\000t\000i\000o\000n\000\040\000D\000e\000p\000l\000o\000y\000m\000e\000n\000t}{section.3.5}% 104
\BOOKMARK [1][]{section.3.6}{\376\377\0003\000.\0006\000\040\000T\000r\000o\000u\000b\000l\000e\000s\000h\000o\000o\000t\000i\000n\000g}{chapter.3}% 105
\BOOKMARK [2][]{subsection.3.6.1}{\376\377\0003\000.\0006\000.\0001\000\040\000C\000o\000m\000m\000o\000n\000\040\000I\000n\000s\000t\000a\000l\000l\000a\000t\000i\000o\000n\000\040\000I\000s\000s\000u\000e\000s}{section.3.6}% 106
\BOOKMARK [2][]{subsection.3.6.2}{\376\377\0003\000.\0006\000.\0002\000\040\000G\000e\000t\000t\000i\000n\000g\000\040\000H\000e\000l\000p}{section.3.6}% 107
\BOOKMARK [1][]{section.3.7}{\376\377\0003\000.\0007\000\040\000N\000e\000x\000t\000\040\000S\000t\000e\000p\000s}{chapter.3}% 108
\BOOKMARK [0][]{chapter.4}{\376\377\0004\000\040\000A\000u\000t\000h\000e\000n\000t\000i\000c\000a\000t\000i\000o\000n\000\040\000M\000o\000d\000u\000l\000e}{}% 109
\BOOKMARK [1][]{section.4.1}{\376\377\0004\000.\0001\000\040\000O\000v\000e\000r\000v\000i\000e\000w}{chapter.4}% 110
\BOOKMARK [2][]{subsection.4.1.1}{\376\377\0004\000.\0001\000.\0001\000\040\000K\000e\000y\000\040\000F\000e\000a\000t\000u\000r\000e\000s}{section.4.1}% 111
\BOOKMARK [1][]{section.4.2}{\376\377\0004\000.\0002\000\040\000D\000a\000t\000a\000b\000a\000s\000e\000\040\000M\000o\000d\000e\000l\000s}{chapter.4}% 112
\BOOKMARK [2][]{subsection.4.2.1}{\376\377\0004\000.\0002\000.\0001\000\040\000U\000s\000e\000r\000\040\000M\000o\000d\000e\000l}{section.4.2}% 113
\BOOKMARK [2][]{subsection.4.2.2}{\376\377\0004\000.\0002\000.\0002\000\040\000R\000o\000l\000e\000\040\000M\000o\000d\000e\000l}{section.4.2}% 114
\BOOKMARK [2][]{subsection.4.2.3}{\376\377\0004\000.\0002\000.\0003\000\040\000P\000e\000r\000m\000i\000s\000s\000i\000o\000n\000\040\000M\000o\000d\000e\000l}{section.4.2}% 115
\BOOKMARK [2][]{subsection.4.2.4}{\376\377\0004\000.\0002\000.\0004\000\040\000A\000d\000d\000i\000t\000i\000o\000n\000a\000l\000\040\000M\000o\000d\000e\000l\000s}{section.4.2}% 116
\BOOKMARK [1][]{section.4.3}{\376\377\0004\000.\0003\000\040\000A\000P\000I\000\040\000E\000n\000d\000p\000o\000i\000n\000t\000s}{chapter.4}% 117
\BOOKMARK [1][]{section.4.4}{\376\377\0004\000.\0004\000\040\000U\000s\000a\000g\000e\000\040\000E\000x\000a\000m\000p\000l\000e\000s}{chapter.4}% 118
\BOOKMARK [2][]{subsection.4.4.1}{\376\377\0004\000.\0004\000.\0001\000\040\000U\000s\000e\000r\000\040\000L\000o\000g\000i\000n}{section.4.4}% 119
\BOOKMARK [2][]{subsection.4.4.2}{\376\377\0004\000.\0004\000.\0002\000\040\000A\000c\000c\000e\000s\000s\000\040\000P\000r\000o\000t\000e\000c\000t\000e\000d\000\040\000E\000n\000d\000p\000o\000i\000n\000t}{section.4.4}% 120
\BOOKMARK [2][]{subsection.4.4.3}{\376\377\0004\000.\0004\000.\0003\000\040\000R\000e\000f\000r\000e\000s\000h\000\040\000T\000o\000k\000e\000n}{section.4.4}% 121
\BOOKMARK [1][]{section.4.5}{\376\377\0004\000.\0005\000\040\000P\000e\000r\000m\000i\000s\000s\000i\000o\000n\000\040\000S\000y\000s\000t\000e\000m}{chapter.4}% 122
\BOOKMARK [2][]{subsection.4.5.1}{\376\377\0004\000.\0005\000.\0001\000\040\000P\000e\000r\000m\000i\000s\000s\000i\000o\000n\000\040\000F\000o\000r\000m\000a\000t}{section.4.5}% 123
\BOOKMARK [2][]{subsection.4.5.2}{\376\377\0004\000.\0005\000.\0002\000\040\000C\000h\000e\000c\000k\000i\000n\000g\000\040\000P\000e\000r\000m\000i\000s\000s\000i\000o\000n\000s}{section.4.5}% 124
\BOOKMARK [0][]{chapter.5}{\376\377\0005\000\040\000H\000u\000m\000a\000n\000\040\000R\000e\000s\000o\000u\000r\000c\000e\000s\000\040\000\050\000H\000R\000\051\000\040\000M\000o\000d\000u\000l\000e}{}% 125
\BOOKMARK [1][]{section.5.1}{\376\377\0005\000.\0001\000\040\000O\000v\000e\000r\000v\000i\000e\000w}{chapter.5}% 126
\BOOKMARK [2][]{subsection.5.1.1}{\376\377\0005\000.\0001\000.\0001\000\040\000K\000e\000y\000\040\000F\000e\000a\000t\000u\000r\000e\000s}{section.5.1}% 127
\BOOKMARK [1][]{section.5.2}{\376\377\0005\000.\0002\000\040\000D\000a\000t\000a\000b\000a\000s\000e\000\040\000M\000o\000d\000e\000l\000s}{chapter.5}% 128
\BOOKMARK [2][]{subsection.5.2.1}{\376\377\0005\000.\0002\000.\0001\000\040\000E\000m\000p\000l\000o\000y\000e\000e\000\040\000M\000o\000d\000e\000l}{section.5.2}% 129
\BOOKMARK [2][]{subsection.5.2.2}{\376\377\0005\000.\0002\000.\0002\000\040\000O\000t\000h\000e\000r\000\040\000H\000R\000\040\000M\000o\000d\000e\000l\000s}{section.5.2}% 130
\BOOKMARK [1][]{section.5.3}{\376\377\0005\000.\0003\000\040\000A\000P\000I\000\040\000E\000n\000d\000p\000o\000i\000n\000t\000s}{chapter.5}% 131
\BOOKMARK [1][]{section.5.4}{\376\377\0005\000.\0004\000\040\000B\000u\000s\000i\000n\000e\000s\000s\000\040\000W\000o\000r\000k\000f\000l\000o\000w\000s}{chapter.5}% 132
\BOOKMARK [2][]{subsection.5.4.1}{\376\377\0005\000.\0004\000.\0001\000\040\000E\000m\000p\000l\000o\000y\000e\000e\000\040\000O\000n\000b\000o\000a\000r\000d\000i\000n\000g}{section.5.4}% 133
\BOOKMARK [2][]{subsection.5.4.2}{\376\377\0005\000.\0004\000.\0002\000\040\000A\000t\000t\000e\000n\000d\000a\000n\000c\000e\000\040\000T\000r\000a\000c\000k\000i\000n\000g}{section.5.4}% 134
\BOOKMARK [2][]{subsection.5.4.3}{\376\377\0005\000.\0004\000.\0003\000\040\000P\000a\000y\000r\000o\000l\000l\000\040\000P\000r\000o\000c\000e\000s\000s\000i\000n\000g}{section.5.4}% 135
\BOOKMARK [0][]{chapter.6}{\376\377\0006\000\040\000P\000r\000o\000j\000e\000c\000t\000\040\000M\000a\000n\000a\000g\000e\000m\000e\000n\000t\000\040\000M\000o\000d\000u\000l\000e}{}% 136
\BOOKMARK [1][]{section.6.1}{\376\377\0006\000.\0001\000\040\000O\000v\000e\000r\000v\000i\000e\000w}{chapter.6}% 137
\BOOKMARK [2][]{subsection.6.1.1}{\376\377\0006\000.\0001\000.\0001\000\040\000K\000e\000y\000\040\000F\000e\000a\000t\000u\000r\000e\000s}{section.6.1}% 138
\BOOKMARK [1][]{section.6.2}{\376\377\0006\000.\0002\000\040\000D\000a\000t\000a\000b\000a\000s\000e\000\040\000M\000o\000d\000e\000l\000s}{chapter.6}% 139
\BOOKMARK [2][]{subsection.6.2.1}{\376\377\0006\000.\0002\000.\0001\000\040\000P\000r\000o\000j\000e\000c\000t\000\040\000M\000o\000d\000e\000l}{section.6.2}% 140
\BOOKMARK [2][]{subsection.6.2.2}{\376\377\0006\000.\0002\000.\0002\000\040\000T\000a\000s\000k\000\040\000M\000o\000d\000e\000l}{section.6.2}% 141
\BOOKMARK [1][]{section.6.3}{\376\377\0006\000.\0003\000\040\000A\000P\000I\000\040\000E\000n\000d\000p\000o\000i\000n\000t\000s}{chapter.6}% 142
\BOOKMARK [0][]{chapter.7}{\376\377\0007\000\040\000F\000i\000n\000a\000n\000c\000e\000\040\000\046\000\040\000A\000c\000c\000o\000u\000n\000t\000i\000n\000g\000\040\000M\000o\000d\000u\000l\000e}{}% 143
\BOOKMARK [1][]{section.7.1}{\376\377\0007\000.\0001\000\040\000O\000v\000e\000r\000v\000i\000e\000w}{chapter.7}% 144
\BOOKMARK [2][]{subsection.7.1.1}{\376\377\0007\000.\0001\000.\0001\000\040\000K\000e\000y\000\040\000F\000e\000a\000t\000u\000r\000e\000s}{section.7.1}% 145
\BOOKMARK [1][]{section.7.2}{\376\377\0007\000.\0002\000\040\000D\000a\000t\000a\000b\000a\000s\000e\000\040\000M\000o\000d\000e\000l\000s}{chapter.7}% 146
\BOOKMARK [1][]{section.7.3}{\376\377\0007\000.\0003\000\040\000K\000e\000y\000\040\000W\000o\000r\000k\000f\000l\000o\000w\000s}{chapter.7}% 147
\BOOKMARK [2][]{subsection.7.3.1}{\376\377\0007\000.\0003\000.\0001\000\040\000I\000n\000v\000o\000i\000c\000e\000\040\000t\000o\000\040\000P\000a\000y\000m\000e\000n\000t}{section.7.3}% 148
\BOOKMARK [0][]{chapter.8}{\376\377\0008\000\040\000C\000u\000s\000t\000o\000m\000e\000r\000\040\000R\000e\000l\000a\000t\000i\000o\000n\000s\000h\000i\000p\000\040\000M\000a\000n\000a\000g\000e\000m\000e\000n\000t\000\040\000\050\000C\000R\000M\000\051}{}% 149
\BOOKMARK [1][]{section.8.1}{\376\377\0008\000.\0001\000\040\000O\000v\000e\000r\000v\000i\000e\000w}{chapter.8}% 150
\BOOKMARK [2][]{subsection.8.1.1}{\376\377\0008\000.\0001\000.\0001\000\040\000K\000e\000y\000\040\000F\000e\000a\000t\000u\000r\000e\000s}{section.8.1}% 151
\BOOKMARK [1][]{section.8.2}{\376\377\0008\000.\0002\000\040\000D\000a\000t\000a\000b\000a\000s\000e\000\040\000M\000o\000d\000e\000l\000s}{chapter.8}% 152
\BOOKMARK [0][]{chapter.9}{\376\377\0009\000\040\000A\000s\000s\000e\000t\000\040\000M\000a\000n\000a\000g\000e\000m\000e\000n\000t\000\040\000M\000o\000d\000u\000l\000e}{}% 153
\BOOKMARK [1][]{section.9.1}{\376\377\0009\000.\0001\000\040\000O\000v\000e\000r\000v\000i\000e\000w}{chapter.9}% 154
\BOOKMARK [2][]{subsection.9.1.1}{\376\377\0009\000.\0001\000.\0001\000\040\000K\000e\000y\000\040\000F\000e\000a\000t\000u\000r\000e\000s}{section.9.1}% 155
\BOOKMARK [1][]{section.9.2}{\376\377\0009\000.\0002\000\040\000D\000a\000t\000a\000b\000a\000s\000e\000\040\000M\000o\000d\000e\000l\000s}{chapter.9}% 156
\BOOKMARK [0][]{chapter.10}{\376\377\0001\0000\000\040\000H\000e\000l\000p\000d\000e\000s\000k\000\040\000\046\000\040\000S\000u\000p\000p\000o\000r\000t\000\040\000M\000o\000d\000u\000l\000e}{}% 157
\BOOKMARK [1][]{section.10.1}{\376\377\0001\0000\000.\0001\000\040\000O\000v\000e\000r\000v\000i\000e\000w}{chapter.10}% 158
\BOOKMARK [2][]{subsection.10.1.1}{\376\377\0001\0000\000.\0001\000.\0001\000\040\000K\000e\000y\000\040\000F\000e\000a\000t\000u\000r\000e\000s}{section.10.1}% 159
\BOOKMARK [1][]{section.10.2}{\376\377\0001\0000\000.\0002\000\040\000D\000a\000t\000a\000b\000a\000s\000e\000\040\000M\000o\000d\000e\000l\000s}{chapter.10}% 160
\BOOKMARK [0][]{chapter.11}{\376\377\0001\0001\000\040\000D\000o\000c\000u\000m\000e\000n\000t\000\040\000M\000a\000n\000a\000g\000e\000m\000e\000n\000t\000\040\000S\000y\000s\000t\000e\000m\000\040\000\050\000D\000M\000S\000\051}{}% 161
\BOOKMARK [1][]{section.11.1}{\376\377\0001\0001\000.\0001\000\040\000O\000v\000e\000r\000v\000i\000e\000w}{chapter.11}% 162
\BOOKMARK [2][]{subsection.11.1.1}{\376\377\0001\0001\000.\0001\000.\0001\000\040\000K\000e\000y\000\040\000F\000e\000a\000t\000u\000r\000e\000s}{section.11.1}% 163
\BOOKMARK [1][]{section.11.2}{\376\377\0001\0001\000.\0002\000\040\000D\000a\000t\000a\000b\000a\000s\000e\000\040\000M\000o\000d\000e\000l\000s}{chapter.11}% 164
\BOOKMARK [0][]{chapter.12}{\376\377\0001\0002\000\040\000B\000u\000s\000i\000n\000e\000s\000s\000\040\000I\000n\000t\000e\000l\000l\000i\000g\000e\000n\000c\000e\000\040\000\046\000\040\000A\000n\000a\000l\000y\000t\000i\000c\000s}{}% 165
\BOOKMARK [1][]{section.12.1}{\376\377\0001\0002\000.\0001\000\040\000O\000v\000e\000r\000v\000i\000e\000w}{chapter.12}% 166
\BOOKMARK [2][]{subsection.12.1.1}{\376\377\0001\0002\000.\0001\000.\0001\000\040\000K\000e\000y\000\040\000F\000e\000a\000t\000u\000r\000e\000s}{section.12.1}% 167
\BOOKMARK [1][]{section.12.2}{\376\377\0001\0002\000.\0002\000\040\000D\000a\000s\000h\000b\000o\000a\000r\000d\000\040\000E\000x\000a\000m\000p\000l\000e\000s}{chapter.12}% 168
\BOOKMARK [2][]{subsection.12.2.1}{\376\377\0001\0002\000.\0002\000.\0001\000\040\000E\000x\000e\000c\000u\000t\000i\000v\000e\000\040\000D\000a\000s\000h\000b\000o\000a\000r\000d}{section.12.2}% 169
\BOOKMARK [2][]{subsection.12.2.2}{\376\377\0001\0002\000.\0002\000.\0002\000\040\000H\000R\000\040\000D\000a\000s\000h\000b\000o\000a\000r\000d}{section.12.2}% 170
\BOOKMARK [2][]{subsection.12.2.3}{\376\377\0001\0002\000.\0002\000.\0003\000\040\000P\000r\000o\000j\000e\000c\000t\000\040\000D\000a\000s\000h\000b\000o\000a\000r\000d}{section.12.2}% 171
\BOOKMARK [1][]{section.12.3}{\376\377\0001\0002\000.\0003\000\040\000D\000a\000t\000a\000b\000a\000s\000e\000\040\000M\000o\000d\000e\000l\000s}{chapter.12}% 172
\BOOKMARK [1][]{section.12.4}{\376\377\0001\0002\000.\0004\000\040\000C\000u\000s\000t\000o\000m\000\040\000R\000e\000p\000o\000r\000t\000\040\000B\000u\000i\000l\000d\000e\000r}{chapter.12}% 173
\BOOKMARK [0][]{chapter.13}{\376\377\0001\0003\000\040\000S\000e\000c\000u\000r\000i\000t\000y\000\040\000H\000a\000r\000d\000e\000n\000i\000n\000g}{}% 174
\BOOKMARK [1][]{section.13.1}{\376\377\0001\0003\000.\0001\000\040\000O\000v\000e\000r\000v\000i\000e\000w}{chapter.13}% 175
\BOOKMARK [1][]{section.13.2}{\376\377\0001\0003\000.\0002\000\040\000S\000e\000c\000u\000r\000i\000t\000y\000\040\000A\000r\000c\000h\000i\000t\000e\000c\000t\000u\000r\000e}{chapter.13}% 176
\BOOKMARK [1][]{section.13.3}{\376\377\0001\0003\000.\0003\000\040\000I\000m\000p\000l\000e\000m\000e\000n\000t\000e\000d\000\040\000S\000e\000c\000u\000r\000i\000t\000y\000\040\000F\000e\000a\000t\000u\000r\000e\000s}{chapter.13}% 177
\BOOKMARK [2][]{subsection.13.3.1}{\376\377\0001\0003\000.\0003\000.\0001\000\040\0001\000.\000\040\000R\000a\000t\000e\000\040\000L\000i\000m\000i\000t\000i\000n\000g\000\040\000a\000n\000d\000\040\000T\000h\000r\000o\000t\000t\000l\000i\000n\000g}{section.13.3}% 178
\BOOKMARK [2][]{subsection.13.3.2}{\376\377\0001\0003\000.\0003\000.\0002\000\040\0002\000.\000\040\000S\000e\000c\000u\000r\000i\000t\000y\000\040\000H\000e\000a\000d\000e\000r\000s}{section.13.3}% 179
\BOOKMARK [2][]{subsection.13.3.3}{\376\377\0001\0003\000.\0003\000.\0003\000\040\0003\000.\000\040\000R\000e\000q\000u\000e\000s\000t\000\040\000V\000a\000l\000i\000d\000a\000t\000i\000o\000n}{section.13.3}% 180
\BOOKMARK [2][]{subsection.13.3.4}{\376\377\0001\0003\000.\0003\000.\0004\000\040\0004\000.\000\040\000A\000u\000d\000i\000t\000\040\000L\000o\000g\000g\000i\000n\000g}{section.13.3}% 181
\BOOKMARK [2][]{subsection.13.3.5}{\376\377\0001\0003\000.\0003\000.\0005\000\040\0005\000.\000\040\000P\000a\000s\000s\000w\000o\000r\000d\000\040\000S\000e\000c\000u\000r\000i\000t\000y}{section.13.3}% 182
\BOOKMARK [2][]{subsection.13.3.6}{\376\377\0001\0003\000.\0003\000.\0006\000\040\0006\000.\000\040\000C\000O\000R\000S\000\040\000C\000o\000n\000f\000i\000g\000u\000r\000a\000t\000i\000o\000n}{section.13.3}% 183
\BOOKMARK [2][]{subsection.13.3.7}{\376\377\0001\0003\000.\0003\000.\0007\000\040\0007\000.\000\040\000S\000e\000s\000s\000i\000o\000n\000\040\000S\000e\000c\000u\000r\000i\000t\000y}{section.13.3}% 184
\BOOKMARK [2][]{subsection.13.3.8}{\376\377\0001\0003\000.\0003\000.\0008\000\040\0008\000.\000\040\000C\000S\000R\000F\000\040\000P\000r\000o\000t\000e\000c\000t\000i\000o\000n}{section.13.3}% 185
\BOOKMARK [2][]{subsection.13.3.9}{\376\377\0001\0003\000.\0003\000.\0009\000\040\0009\000.\000\040\000I\000P\000\040\000W\000h\000i\000t\000e\000l\000i\000s\000t\000i\000n\000g\000\040\000\050\000O\000p\000t\000i\000o\000n\000a\000l\000\051}{section.13.3}% 186
\BOOKMARK [2][]{subsection.13.3.10}{\376\377\0001\0003\000.\0003\000.\0001\0000\000\040\0001\0000\000.\000\040\000P\000r\000o\000d\000u\000c\000t\000i\000o\000n\000\040\000S\000e\000c\000u\000r\000i\000t\000y\000\040\000S\000e\000t\000t\000i\000n\000g\000s}{section.13.3}% 187
\BOOKMARK [1][]{section.13.4}{\376\377\0001\0003\000.\0004\000\040\000O\000W\000A\000S\000P\000\040\000T\000o\000p\000\040\0001\0000\000\040\000C\000o\000m\000p\000l\000i\000a\000n\000c\000e}{chapter.13}% 188
\BOOKMARK [1][]{section.13.5}{\376\377\0001\0003\000.\0005\000\040\000S\000e\000c\000u\000r\000i\000t\000y\000\040\000T\000e\000s\000t\000i\000n\000g}{chapter.13}% 189
\BOOKMARK [2][]{subsection.13.5.1}{\376\377\0001\0003\000.\0005\000.\0001\000\040\000T\000e\000s\000t\000\040\000R\000a\000t\000e\000\040\000L\000i\000m\000i\000t\000i\000n\000g}{section.13.5}% 190
\BOOKMARK [2][]{subsection.13.5.2}{\376\377\0001\0003\000.\0005\000.\0002\000\040\000T\000e\000s\000t\000\040\000S\000e\000c\000u\000r\000i\000t\000y\000\040\000H\000e\000a\000d\000e\000r\000s}{section.13.5}% 191
\BOOKMARK [2][]{subsection.13.5.3}{\376\377\0001\0003\000.\0005\000.\0003\000\040\000T\000e\000s\000t\000\040\000R\000e\000q\000u\000e\000s\000t\000\040\000V\000a\000l\000i\000d\000a\000t\000i\000o\000n}{section.13.5}% 192
\BOOKMARK [1][]{section.13.6}{\376\377\0001\0003\000.\0006\000\040\000P\000r\000o\000d\000u\000c\000t\000i\000o\000n\000\040\000S\000e\000c\000u\000r\000i\000t\000y\000\040\000C\000h\000e\000c\000k\000l\000i\000s\000t}{chapter.13}% 193
\BOOKMARK [1][]{section.13.7}{\376\377\0001\0003\000.\0007\000\040\000I\000n\000c\000i\000d\000e\000n\000t\000\040\000R\000e\000s\000p\000o\000n\000s\000e\000\040\000P\000l\000a\000n}{chapter.13}% 194
\BOOKMARK [2][]{subsection.13.7.1}{\376\377\0001\0003\000.\0007\000.\0001\000\040\000I\000f\000\040\000S\000e\000c\000u\000r\000i\000t\000y\000\040\000B\000r\000e\000a\000c\000h\000\040\000D\000e\000t\000e\000c\000t\000e\000d}{section.13.7}% 195
\BOOKMARK [1][]{section.13.8}{\376\377\0001\0003\000.\0008\000\040\000M\000o\000n\000i\000t\000o\000r\000i\000n\000g\000\040\000a\000n\000d\000\040\000A\000l\000e\000r\000t\000s}{chapter.13}% 196
\BOOKMARK [2][]{subsection.13.8.1}{\376\377\0001\0003\000.\0008\000.\0001\000\040\000L\000o\000g\000\040\000F\000i\000l\000e\000s\000\040\000t\000o\000\040\000M\000o\000n\000i\000t\000o\000r}{section.13.8}% 197
\BOOKMARK [2][]{subsection.13.8.2}{\376\377\0001\0003\000.\0008\000.\0002\000\040\000S\000u\000s\000p\000i\000c\000i\000o\000u\000s\000\040\000A\000c\000t\000i\000v\000i\000t\000y\000\040\000I\000n\000d\000i\000c\000a\000t\000o\000r\000s}{section.13.8}% 198
\BOOKMARK [2][]{subsection.13.8.3}{\376\377\0001\0003\000.\0008\000.\0003\000\040\000R\000e\000c\000o\000m\000m\000e\000n\000d\000e\000d\000\040\000M\000o\000n\000i\000t\000o\000r\000i\000n\000g\000\040\000T\000o\000o\000l\000s}{section.13.8}% 199
\BOOKMARK [1][]{section.13.9}{\376\377\0001\0003\000.\0009\000\040\000S\000e\000c\000u\000r\000i\000t\000y\000\040\000C\000o\000n\000t\000a\000c\000t\000s}{chapter.13}% 200
\BOOKMARK [0][]{chapter.14}{\376\377\0001\0004\000\040\000P\000e\000r\000f\000o\000r\000m\000a\000n\000c\000e\000\040\000O\000p\000t\000i\000m\000i\000z\000a\000t\000i\000o\000n}{}% 201
\BOOKMARK [1][]{section.14.1}{\376\377\0001\0004\000.\0001\000\040\000O\000v\000e\000r\000v\000i\000e\000w}{chapter.14}% 202
\BOOKMARK [1][]{section.14.2}{\376\377\0001\0004\000.\0002\000\040\000O\000p\000t\000i\000m\000i\000z\000a\000t\000i\000o\000n\000\040\000S\000t\000r\000a\000t\000e\000g\000i\000e\000s}{chapter.14}% 203
\BOOKMARK [2][]{subsection.14.2.1}{\376\377\0001\0004\000.\0002\000.\0001\000\040\0001\000.\000\040\000C\000a\000c\000h\000i\000n\000g\000\040\000I\000n\000f\000r\000a\000s\000t\000r\000u\000c\000t\000u\000r\000e}{section.14.2}% 204
\BOOKMARK [2][]{subsection.14.2.2}{\376\377\0001\0004\000.\0002\000.\0002\000\040\0002\000.\000\040\000Q\000u\000e\000r\000y\000\040\000O\000p\000t\000i\000m\000i\000z\000a\000t\000i\000o\000n}{section.14.2}% 205
\BOOKMARK [2][]{subsection.14.2.3}{\376\377\0001\0004\000.\0002\000.\0003\000\040\0003\000.\000\040\000D\000a\000t\000a\000b\000a\000s\000e\000\040\000I\000n\000d\000e\000x\000e\000s}{section.14.2}% 206
\BOOKMARK [2][]{subsection.14.2.4}{\376\377\0001\0004\000.\0002\000.\0004\000\040\0004\000.\000\040\000C\000u\000s\000t\000o\000m\000\040\000P\000a\000g\000i\000n\000a\000t\000i\000o\000n}{section.14.2}% 207
\BOOKMARK [2][]{subsection.14.2.5}{\376\377\0001\0004\000.\0002\000.\0005\000\040\0005\000.\000\040\000C\000o\000n\000n\000e\000c\000t\000i\000o\000n\000\040\000P\000o\000o\000l\000i\000n\000g}{section.14.2}% 208
\BOOKMARK [2][]{subsection.14.2.6}{\376\377\0001\0004\000.\0002\000.\0006\000\040\0006\000.\000\040\000P\000e\000r\000f\000o\000r\000m\000a\000n\000c\000e\000\040\000M\000o\000n\000i\000t\000o\000r\000i\000n\000g}{section.14.2}% 209
\BOOKMARK [1][]{section.14.3}{\376\377\0001\0004\000.\0003\000\040\000P\000e\000r\000f\000o\000r\000m\000a\000n\000c\000e\000\040\000M\000e\000t\000r\000i\000c\000s}{chapter.14}% 210
\BOOKMARK [1][]{section.14.4}{\376\377\0001\0004\000.\0004\000\040\000B\000e\000s\000t\000\040\000P\000r\000a\000c\000t\000i\000c\000e\000s}{chapter.14}% 211
\BOOKMARK [0][]{chapter.15}{\376\377\0001\0005\000\040\000D\000e\000p\000l\000o\000y\000m\000e\000n\000t\000\040\000G\000u\000i\000d\000e}{}% 212
\BOOKMARK [1][]{section.15.1}{\376\377\0001\0005\000.\0001\000\040\000O\000v\000e\000r\000v\000i\000e\000w}{chapter.15}% 213
\BOOKMARK [1][]{section.15.2}{\376\377\0001\0005\000.\0002\000\040\000D\000e\000p\000l\000o\000y\000m\000e\000n\000t\000\040\000A\000r\000c\000h\000i\000t\000e\000c\000t\000u\000r\000e}{chapter.15}% 214
\BOOKMARK [2][]{subsection.15.2.1}{\376\377\0001\0005\000.\0002\000.\0001\000\040\000P\000r\000o\000d\000u\000c\000t\000i\000o\000n\000\040\000S\000t\000a\000c\000k}{section.15.2}% 215
\BOOKMARK [2][]{subsection.15.2.2}{\376\377\0001\0005\000.\0002\000.\0002\000\040\000S\000e\000r\000v\000e\000r\000\040\000R\000e\000q\000u\000i\000r\000e\000m\000e\000n\000t\000s}{section.15.2}% 216
\BOOKMARK [1][]{section.15.3}{\376\377\0001\0005\000.\0003\000\040\000P\000r\000e\000-\000D\000e\000p\000l\000o\000y\000m\000e\000n\000t\000\040\000P\000r\000e\000p\000a\000r\000a\000t\000i\000o\000n}{chapter.15}% 217
\BOOKMARK [2][]{subsection.15.3.1}{\376\377\0001\0005\000.\0003\000.\0001\000\040\000D\000o\000m\000a\000i\000n\000\040\000a\000n\000d\000\040\000D\000N\000S\000\040\000S\000e\000t\000u\000p}{section.15.3}% 218
\BOOKMARK [2][]{subsection.15.3.2}{\376\377\0001\0005\000.\0003\000.\0002\000\040\000S\000S\000L\000\040\000C\000e\000r\000t\000i\000f\000i\000c\000a\000t\000e}{section.15.3}% 219
\BOOKMARK [1][]{section.15.4}{\376\377\0001\0005\000.\0004\000\040\000N\000g\000i\000n\000x\000\040\000C\000o\000n\000f\000i\000g\000u\000r\000a\000t\000i\000o\000n}{chapter.15}% 220
\BOOKMARK [2][]{subsection.15.4.1}{\376\377\0001\0005\000.\0004\000.\0001\000\040\000C\000o\000m\000p\000l\000e\000t\000e\000\040\000N\000g\000i\000n\000x\000\040\000C\000o\000n\000f\000i\000g}{section.15.4}% 221
\BOOKMARK [2][]{subsection.15.4.2}{\376\377\0001\0005\000.\0004\000.\0002\000\040\000E\000n\000a\000b\000l\000e\000\040\000a\000n\000d\000\040\000T\000e\000s\000t\000\040\000N\000g\000i\000n\000x}{section.15.4}% 222
\BOOKMARK [1][]{section.15.5}{\376\377\0001\0005\000.\0005\000\040\000G\000u\000n\000i\000c\000o\000r\000n\000\040\000C\000o\000n\000f\000i\000g\000u\000r\000a\000t\000i\000o\000n}{chapter.15}% 223
\BOOKMARK [2][]{subsection.15.5.1}{\376\377\0001\0005\000.\0005\000.\0001\000\040\000G\000u\000n\000i\000c\000o\000r\000n\000\040\000S\000e\000r\000v\000i\000c\000e\000\040\000F\000i\000l\000e}{section.15.5}% 224
\BOOKMARK [2][]{subsection.15.5.2}{\376\377\0001\0005\000.\0005\000.\0002\000\040\000C\000a\000l\000c\000u\000l\000a\000t\000e\000\040\000W\000o\000r\000k\000e\000r\000\040\000P\000r\000o\000c\000e\000s\000s\000e\000s}{section.15.5}% 225
\BOOKMARK [2][]{subsection.15.5.3}{\376\377\0001\0005\000.\0005\000.\0003\000\040\000E\000n\000a\000b\000l\000e\000\040\000G\000u\000n\000i\000c\000o\000r\000n\000\040\000S\000e\000r\000v\000i\000c\000e}{section.15.5}% 226
\BOOKMARK [1][]{section.15.6}{\376\377\0001\0005\000.\0006\000\040\000C\000e\000l\000e\000r\000y\000\040\000C\000o\000n\000f\000i\000g\000u\000r\000a\000t\000i\000o\000n}{chapter.15}% 227
\BOOKMARK [2][]{subsection.15.6.1}{\376\377\0001\0005\000.\0006\000.\0001\000\040\000C\000e\000l\000e\000r\000y\000\040\000W\000o\000r\000k\000e\000r\000\040\000S\000e\000r\000v\000i\000c\000e}{section.15.6}% 228
\BOOKMARK [2][]{subsection.15.6.2}{\376\377\0001\0005\000.\0006\000.\0002\000\040\000C\000e\000l\000e\000r\000y\000\040\000B\000e\000a\000t\000\040\000S\000e\000r\000v\000i\000c\000e}{section.15.6}% 229
\BOOKMARK [2][]{subsection.15.6.3}{\376\377\0001\0005\000.\0006\000.\0003\000\040\000E\000n\000a\000b\000l\000e\000\040\000C\000e\000l\000e\000r\000y\000\040\000S\000e\000r\000v\000i\000c\000e\000s}{section.15.6}% 230
\BOOKMARK [1][]{section.15.7}{\376\377\0001\0005\000.\0007\000\040\000D\000a\000t\000a\000b\000a\000s\000e\000\040\000B\000a\000c\000k\000u\000p\000\040\000S\000t\000r\000a\000t\000e\000g\000y}{chapter.15}% 231
\BOOKMARK [2][]{subsection.15.7.1}{\376\377\0001\0005\000.\0007\000.\0001\000\040\000A\000u\000t\000o\000m\000a\000t\000e\000d\000\040\000D\000a\000i\000l\000y\000\040\000B\000a\000c\000k\000u\000p\000s}{section.15.7}% 232
\BOOKMARK [2][]{subsection.15.7.2}{\376\377\0001\0005\000.\0007\000.\0002\000\040\000B\000a\000c\000k\000u\000p\000\040\000C\000r\000o\000n\000\040\000J\000o\000b}{section.15.7}% 233
\BOOKMARK [2][]{subsection.15.7.3}{\376\377\0001\0005\000.\0007\000.\0003\000\040\000R\000e\000s\000t\000o\000r\000e\000\040\000f\000r\000o\000m\000\040\000B\000a\000c\000k\000u\000p}{section.15.7}% 234
\BOOKMARK [1][]{section.15.8}{\376\377\0001\0005\000.\0008\000\040\000M\000o\000n\000i\000t\000o\000r\000i\000n\000g\000\040\000a\000n\000d\000\040\000A\000l\000e\000r\000t\000i\000n\000g}{chapter.15}% 235
\BOOKMARK [2][]{subsection.15.8.1}{\376\377\0001\0005\000.\0008\000.\0001\000\040\000P\000r\000o\000m\000e\000t\000h\000e\000u\000s\000\040\000C\000o\000n\000f\000i\000g\000u\000r\000a\000t\000i\000o\000n}{section.15.8}% 236
\BOOKMARK [2][]{subsection.15.8.2}{\376\377\0001\0005\000.\0008\000.\0002\000\040\000A\000l\000e\000r\000t\000\040\000R\000u\000l\000e\000s}{section.15.8}% 237
\BOOKMARK [2][]{subsection.15.8.3}{\376\377\0001\0005\000.\0008\000.\0003\000\040\000G\000r\000a\000f\000a\000n\000a\000\040\000D\000a\000s\000h\000b\000o\000a\000r\000d\000s}{section.15.8}% 238
\BOOKMARK [1][]{section.15.9}{\376\377\0001\0005\000.\0009\000\040\000L\000o\000g\000\040\000M\000a\000n\000a\000g\000e\000m\000e\000n\000t}{chapter.15}% 239
\BOOKMARK [2][]{subsection.15.9.1}{\376\377\0001\0005\000.\0009\000.\0001\000\040\000L\000o\000g\000\040\000R\000o\000t\000a\000t\000i\000o\000n}{section.15.9}% 240
\BOOKMARK [2][]{subsection.15.9.2}{\376\377\0001\0005\000.\0009\000.\0002\000\040\000C\000e\000n\000t\000r\000a\000l\000i\000z\000e\000d\000\040\000L\000o\000g\000g\000i\000n\000g\000\040\000w\000i\000t\000h\000\040\000E\000L\000K}{section.15.9}% 241
\BOOKMARK [1][]{section.15.10}{\376\377\0001\0005\000.\0001\0000\000\040\000E\000n\000v\000i\000r\000o\000n\000m\000e\000n\000t\000\040\000V\000a\000r\000i\000a\000b\000l\000e\000s}{chapter.15}% 242
\BOOKMARK [2][]{subsection.15.10.1}{\376\377\0001\0005\000.\0001\0000\000.\0001\000\040\000P\000r\000o\000d\000u\000c\000t\000i\000o\000n\000\040\000.\000e\000n\000v\000\040\000F\000i\000l\000e}{section.15.10}% 243
\BOOKMARK [1][]{section.15.11}{\376\377\0001\0005\000.\0001\0001\000\040\000D\000e\000p\000l\000o\000y\000m\000e\000n\000t\000\040\000C\000h\000e\000c\000k\000l\000i\000s\000t}{chapter.15}% 244
\BOOKMARK [2][]{subsection.15.11.1}{\376\377\0001\0005\000.\0001\0001\000.\0001\000\040\000P\000r\000e\000-\000D\000e\000p\000l\000o\000y\000m\000e\000n\000t}{section.15.11}% 245
\BOOKMARK [2][]{subsection.15.11.2}{\376\377\0001\0005\000.\0001\0001\000.\0002\000\040\000D\000e\000p\000l\000o\000y\000m\000e\000n\000t\000\040\000S\000t\000e\000p\000s}{section.15.11}% 246
\BOOKMARK [2][]{subsection.15.11.3}{\376\377\0001\0005\000.\0001\0001\000.\0003\000\040\000P\000o\000s\000t\000-\000D\000e\000p\000l\000o\000y\000m\000e\000n\000t}{section.15.11}% 247
\BOOKMARK [1][]{section.15.12}{\376\377\0001\0005\000.\0001\0002\000\040\000C\000o\000n\000t\000i\000n\000u\000o\000u\000s\000\040\000D\000e\000p\000l\000o\000y\000m\000e\000n\000t}{chapter.15}% 248
\BOOKMARK [2][]{subsection.15.12.1}{\376\377\0001\0005\000.\0001\0002\000.\0001\000\040\000G\000i\000t\000H\000u\000b\000\040\000A\000c\000t\000i\000o\000n\000s\000\040\000W\000o\000r\000k\000f\000l\000o\000w}{section.15.12}% 249
\BOOKMARK [1][]{section.15.13}{\376\377\0001\0005\000.\0001\0003\000\040\000R\000o\000l\000l\000b\000a\000c\000k\000\040\000P\000r\000o\000c\000e\000d\000u\000r\000e}{chapter.15}% 250
\BOOKMARK [0][]{chapter.16}{\376\377\0001\0006\000\040\000U\000s\000e\000r\000\040\000G\000u\000i\000d\000e\000\040\000a\000n\000d\000\040\000W\000o\000r\000k\000f\000l\000o\000w\000s}{}% 251
\BOOKMARK [1][]{section.16.1}{\376\377\0001\0006\000.\0001\000\040\000O\000v\000e\000r\000v\000i\000e\000w}{chapter.16}% 252
\BOOKMARK [1][]{section.16.2}{\376\377\0001\0006\000.\0002\000\040\000G\000e\000t\000t\000i\000n\000g\000\040\000S\000t\000a\000r\000t\000e\000d}{chapter.16}% 253
\BOOKMARK [2][]{subsection.16.2.1}{\376\377\0001\0006\000.\0002\000.\0001\000\040\000A\000c\000c\000e\000s\000s\000i\000n\000g\000\040\000t\000h\000e\000\040\000S\000y\000s\000t\000e\000m}{section.16.2}% 254
\BOOKMARK [2][]{subsection.16.2.2}{\376\377\0001\0006\000.\0002\000.\0002\000\040\000L\000o\000g\000i\000n\000\040\000P\000r\000o\000c\000e\000s\000s}{section.16.2}% 255
\BOOKMARK [2][]{subsection.16.2.3}{\376\377\0001\0006\000.\0002\000.\0003\000\040\000D\000a\000s\000h\000b\000o\000a\000r\000d\000\040\000O\000v\000e\000r\000v\000i\000e\000w}{section.16.2}% 256
\BOOKMARK [1][]{section.16.3}{\376\377\0001\0006\000.\0003\000\040\000H\000u\000m\000a\000n\000\040\000R\000e\000s\000o\000u\000r\000c\000e\000s\000\040\000M\000o\000d\000u\000l\000e}{chapter.16}% 257
\BOOKMARK [2][]{subsection.16.3.1}{\376\377\0001\0006\000.\0003\000.\0001\000\040\000E\000m\000p\000l\000o\000y\000e\000e\000\040\000M\000a\000n\000a\000g\000e\000m\000e\000n\000t}{section.16.3}% 258
\BOOKMARK [2][]{subsection.16.3.2}{\376\377\0001\0006\000.\0003\000.\0002\000\040\000A\000t\000t\000e\000n\000d\000a\000n\000c\000e\000\040\000T\000r\000a\000c\000k\000i\000n\000g}{section.16.3}% 259
\BOOKMARK [2][]{subsection.16.3.3}{\376\377\0001\0006\000.\0003\000.\0003\000\040\000L\000e\000a\000v\000e\000\040\000M\000a\000n\000a\000g\000e\000m\000e\000n\000t}{section.16.3}% 260
\BOOKMARK [2][]{subsection.16.3.4}{\376\377\0001\0006\000.\0003\000.\0004\000\040\000P\000a\000y\000r\000o\000l\000l\000\040\000P\000r\000o\000c\000e\000s\000s\000i\000n\000g}{section.16.3}% 261
\BOOKMARK [1][]{section.16.4}{\376\377\0001\0006\000.\0004\000\040\000P\000r\000o\000j\000e\000c\000t\000\040\000M\000a\000n\000a\000g\000e\000m\000e\000n\000t\000\040\000M\000o\000d\000u\000l\000e}{chapter.16}% 262
\BOOKMARK [2][]{subsection.16.4.1}{\376\377\0001\0006\000.\0004\000.\0001\000\040\000C\000r\000e\000a\000t\000i\000n\000g\000\040\000P\000r\000o\000j\000e\000c\000t\000s}{section.16.4}% 263
\BOOKMARK [2][]{subsection.16.4.2}{\376\377\0001\0006\000.\0004\000.\0002\000\040\000T\000a\000s\000k\000\040\000M\000a\000n\000a\000g\000e\000m\000e\000n\000t}{section.16.4}% 264
\BOOKMARK [2][]{subsection.16.4.3}{\376\377\0001\0006\000.\0004\000.\0003\000\040\000S\000p\000r\000i\000n\000t\000\040\000M\000a\000n\000a\000g\000e\000m\000e\000n\000t}{section.16.4}% 265
\BOOKMARK [1][]{section.16.5}{\376\377\0001\0006\000.\0005\000\040\000F\000i\000n\000a\000n\000c\000e\000\040\000M\000o\000d\000u\000l\000e}{chapter.16}% 266
\BOOKMARK [2][]{subsection.16.5.1}{\376\377\0001\0006\000.\0005\000.\0001\000\040\000C\000r\000e\000a\000t\000i\000n\000g\000\040\000I\000n\000v\000o\000i\000c\000e\000s}{section.16.5}% 267
\BOOKMARK [2][]{subsection.16.5.2}{\376\377\0001\0006\000.\0005\000.\0002\000\040\000R\000e\000c\000o\000r\000d\000i\000n\000g\000\040\000P\000a\000y\000m\000e\000n\000t\000s}{section.16.5}% 268
\BOOKMARK [2][]{subsection.16.5.3}{\376\377\0001\0006\000.\0005\000.\0003\000\040\000E\000x\000p\000e\000n\000s\000e\000\040\000T\000r\000a\000c\000k\000i\000n\000g}{section.16.5}% 269
\BOOKMARK [1][]{section.16.6}{\376\377\0001\0006\000.\0006\000\040\000C\000R\000M\000\040\000M\000o\000d\000u\000l\000e}{chapter.16}% 270
\BOOKMARK [2][]{subsection.16.6.1}{\376\377\0001\0006\000.\0006\000.\0001\000\040\000L\000e\000a\000d\000\040\000M\000a\000n\000a\000g\000e\000m\000e\000n\000t}{section.16.6}% 271
\BOOKMARK [2][]{subsection.16.6.2}{\376\377\0001\0006\000.\0006\000.\0002\000\040\000O\000p\000p\000o\000r\000t\000u\000n\000i\000t\000y\000\040\000P\000i\000p\000e\000l\000i\000n\000e}{section.16.6}% 272
\BOOKMARK [1][]{section.16.7}{\376\377\0001\0006\000.\0007\000\040\000A\000s\000s\000e\000t\000\040\000M\000a\000n\000a\000g\000e\000m\000e\000n\000t\000\040\000M\000o\000d\000u\000l\000e}{chapter.16}% 273
\BOOKMARK [2][]{subsection.16.7.1}{\376\377\0001\0006\000.\0007\000.\0001\000\040\000R\000e\000g\000i\000s\000t\000e\000r\000\040\000N\000e\000w\000\040\000A\000s\000s\000e\000t}{section.16.7}% 274
\BOOKMARK [2][]{subsection.16.7.2}{\376\377\0001\0006\000.\0007\000.\0002\000\040\000A\000s\000s\000e\000t\000\040\000C\000h\000e\000c\000k\000o\000u\000t\000/\000C\000h\000e\000c\000k\000i\000n}{section.16.7}% 275
\BOOKMARK [1][]{section.16.8}{\376\377\0001\0006\000.\0008\000\040\000H\000e\000l\000p\000d\000e\000s\000k\000\040\000M\000o\000d\000u\000l\000e}{chapter.16}% 276
\BOOKMARK [2][]{subsection.16.8.1}{\376\377\0001\0006\000.\0008\000.\0001\000\040\000S\000u\000b\000m\000i\000t\000\040\000S\000u\000p\000p\000o\000r\000t\000\040\000T\000i\000c\000k\000e\000t}{section.16.8}% 277
\BOOKMARK [2][]{subsection.16.8.2}{\376\377\0001\0006\000.\0008\000.\0002\000\040\000R\000e\000s\000p\000o\000n\000d\000\040\000t\000o\000\040\000T\000i\000c\000k\000e\000t\000\040\000\050\000S\000u\000p\000p\000o\000r\000t\000\040\000A\000g\000e\000n\000t\000\051}{section.16.8}% 278
\BOOKMARK [1][]{section.16.9}{\376\377\0001\0006\000.\0009\000\040\000D\000o\000c\000u\000m\000e\000n\000t\000\040\000M\000a\000n\000a\000g\000e\000m\000e\000n\000t\000\040\000\050\000D\000M\000S\000\051}{chapter.16}% 279
\BOOKMARK [2][]{subsection.16.9.1}{\376\377\0001\0006\000.\0009\000.\0001\000\040\000U\000p\000l\000o\000a\000d\000\040\000D\000o\000c\000u\000m\000e\000n\000t\000s}{section.16.9}% 280
\BOOKMARK [2][]{subsection.16.9.2}{\376\377\0001\0006\000.\0009\000.\0002\000\040\000V\000e\000r\000s\000i\000o\000n\000\040\000C\000o\000n\000t\000r\000o\000l}{section.16.9}% 281
\BOOKMARK [1][]{section.16.10}{\376\377\0001\0006\000.\0001\0000\000\040\000A\000n\000a\000l\000y\000t\000i\000c\000s\000\040\000a\000n\000d\000\040\000R\000e\000p\000o\000r\000t\000s}{chapter.16}% 282
\BOOKMARK [2][]{subsection.16.10.1}{\376\377\0001\0006\000.\0001\0000\000.\0001\000\040\000V\000i\000e\000w\000\040\000D\000a\000s\000h\000b\000o\000a\000r\000d\000s}{section.16.10}% 283
\BOOKMARK [2][]{subsection.16.10.2}{\376\377\0001\0006\000.\0001\0000\000.\0002\000\040\000G\000e\000n\000e\000r\000a\000t\000e\000\040\000C\000u\000s\000t\000o\000m\000\040\000R\000e\000p\000o\000r\000t\000s}{section.16.10}% 284
\BOOKMARK [1][]{section.16.11}{\376\377\0001\0006\000.\0001\0001\000\040\000U\000s\000e\000r\000\040\000S\000e\000t\000t\000i\000n\000g\000s}{chapter.16}% 285
\BOOKMARK [2][]{subsection.16.11.1}{\376\377\0001\0006\000.\0001\0001\000.\0001\000\040\000U\000p\000d\000a\000t\000e\000\040\000P\000r\000o\000f\000i\000l\000e}{section.16.11}% 286
\BOOKMARK [2][]{subsection.16.11.2}{\376\377\0001\0006\000.\0001\0001\000.\0002\000\040\000C\000h\000a\000n\000g\000e\000\040\000P\000a\000s\000s\000w\000o\000r\000d}{section.16.11}% 287
\BOOKMARK [2][]{subsection.16.11.3}{\376\377\0001\0006\000.\0001\0001\000.\0003\000\040\000E\000n\000a\000b\000l\000e\000\040\000T\000w\000o\000-\000F\000a\000c\000t\000o\000r\000\040\000A\000u\000t\000h\000e\000n\000t\000i\000c\000a\000t\000i\000o\000n}{section.16.11}% 288
\BOOKMARK [1][]{section.16.12}{\376\377\0001\0006\000.\0001\0002\000\040\000M\000o\000b\000i\000l\000e\000\040\000A\000p\000p\000\040\000U\000s\000a\000g\000e}{chapter.16}% 289
\BOOKMARK [2][]{subsection.16.12.1}{\376\377\0001\0006\000.\0001\0002\000.\0001\000\040\000I\000n\000s\000t\000a\000l\000l\000\040\000M\000o\000b\000i\000l\000e\000\040\000A\000p\000p}{section.16.12}% 290
\BOOKMARK [2][]{subsection.16.12.2}{\376\377\0001\0006\000.\0001\0002\000.\0002\000\040\000M\000o\000b\000i\000l\000e\000\040\000F\000e\000a\000t\000u\000r\000e\000s}{section.16.12}% 291
\BOOKMARK [1][]{section.16.13}{\376\377\0001\0006\000.\0001\0003\000\040\000K\000e\000y\000b\000o\000a\000r\000d\000\040\000S\000h\000o\000r\000t\000c\000u\000t\000s}{chapter.16}% 292
\BOOKMARK [1][]{section.16.14}{\376\377\0001\0006\000.\0001\0004\000\040\000G\000e\000t\000t\000i\000n\000g\000\040\000H\000e\000l\000p}{chapter.16}% 293
\BOOKMARK [2][]{subsection.16.14.1}{\376\377\0001\0006\000.\0001\0004\000.\0001\000\040\000S\000u\000p\000p\000o\000r\000t\000\040\000C\000h\000a\000n\000n\000e\000l\000s}{section.16.14}% 294
\BOOKMARK [2][]{subsection.16.14.2}{\376\377\0001\0006\000.\0001\0004\000.\0002\000\040\000T\000r\000a\000i\000n\000i\000n\000g\000\040\000R\000e\000s\000o\000u\000r\000c\000e\000s}{section.16.14}% 295
